<?xml version="1.0" encoding="UTF-8"?>
<!-- Generated by org.testng.reporters.JUnitReportReporter -->
<testsuite hostname="MSI" failures="0" tests="5" name="tests.CartTest" time="12.917" errors="0" timestamp="2025-07-08T21:23:53 IST" skipped="0">
  <testcase classname="tests.CartTest" name="continueShopping_navigatesToInventory" time="1.975"/>
  <testcase classname="tests.CartTest" name="removeItem_updatesRowCount" time="2.227"/>
  <testcase classname="tests.CartTest" name="verifyPriceCalculation_cartPage" time="2.183"/>
  <testcase classname="tests.CartTest" name="addMultipleItems_displaysAllItems" time="4.527"/>
  <testcase classname="tests.CartTest" name="sanityTest_CartPage" time="2.005"/>
</testsuite> <!-- tests.CartTest -->
