<?xml version="1.0" encoding="UTF-8"?>
<!-- Generated by org.testng.reporters.JUnitReportReporter -->
<testsuite hostname="MSI" failures="0" tests="1" name="tests.CheckoutTest" time="8.568" errors="0" timestamp="2025-07-10T14:56:14 IST" skipped="0">
  <testcase classname="tests.CheckoutTest" name="validateCheckoutCompletePage" time="8.568"/>
</testsuite> <!-- tests.CheckoutTest -->
