<?xml version="1.0" encoding="UTF-8"?>
<!-- Generated by org.testng.reporters.JUnitReportReporter -->
<testsuite hostname="MSI" failures="0" tests="5" name="tests.LoginTest" time="15.242" errors="0" timestamp="2025-07-05T17:05:14 IST" skipped="0">
  <testcase classname="tests.LoginTest" name="loginTest" time="4.666"/>
  <testcase classname="tests.LoginTest" name="loginTest" time="2.693"/>
  <testcase classname="tests.LoginTest" name="loginTest" time="2.655"/>
  <testcase classname="tests.LoginTest" name="loginTest" time="2.595"/>
  <testcase classname="tests.LoginTest" name="loginTest" time="2.633"/>
</testsuite> <!-- tests.LoginTest -->
