<?xml version="1.0" encoding="UTF-8"?>
<!-- Generated by org.testng.reporters.JUnitReportReporter -->
<testsuite hostname="MSI" failures="0" tests="5" name="tests.LoginTest" time="12.310" errors="0" timestamp="2025-07-05T19:32:27 IST" skipped="0">
  <testcase classname="tests.LoginTest" name="loginTest" time="2.218"/>
  <testcase classname="tests.LoginTest" name="loginTest" time="3.365"/>
  <testcase classname="tests.LoginTest" name="loginTest" time="2.205"/>
  <testcase classname="tests.LoginTest" name="loginTest" time="2.374"/>
  <testcase classname="tests.LoginTest" name="loginTest" time="2.148"/>
</testsuite> <!-- tests.LoginTest -->
