<?xml version="1.0" encoding="UTF-8"?>
<!-- Generated by org.testng.reporters.JUnitReportReporter -->
<testsuite hostname="MSI" failures="0" tests="5" name="tests.LoginTest" time="12.440" errors="0" timestamp="2025-07-09T21:36:57 IST" skipped="0">
  <testcase classname="tests.LoginTest" name="loginTest" time="2.682"/>
  <testcase classname="tests.LoginTest" name="loginTest" time="3.905"/>
  <testcase classname="tests.LoginTest" name="loginTest" time="1.839"/>
  <testcase classname="tests.LoginTest" name="loginTest" time="2.023"/>
  <testcase classname="tests.LoginTest" name="loginTest" time="1.991"/>
</testsuite> <!-- tests.LoginTest -->
