<?xml version="1.0" encoding="UTF-8"?>
<!-- Generated by org.testng.reporters.JUnitReportReporter -->
<testsuite hostname="MSI" failures="0" tests="5" name="tests.LoginTest" time="10.897" errors="0" timestamp="2025-07-04T22:26:19 IST" skipped="0">
  <testcase classname="tests.LoginTest" name="loginTest" time="1.792"/>
  <testcase classname="tests.LoginTest" name="loginTest" time="1.965"/>
  <testcase classname="tests.LoginTest" name="loginTest" time="3.328"/>
  <testcase classname="tests.LoginTest" name="loginTest" time="1.741"/>
  <testcase classname="tests.LoginTest" name="loginTest" time="2.071"/>
</testsuite> <!-- tests.LoginTest -->
