<?xml version="1.0" encoding="UTF-8"?>
<!-- Generated by org.testng.reporters.JUnitReportReporter -->
<testsuite hostname="MSI" failures="0" tests="5" name="tests.LoginTest" time="9.909" errors="0" timestamp="2025-07-05T18:27:30 IST" skipped="0">
  <testcase classname="tests.LoginTest" name="loginTest" time="1.807"/>
  <testcase classname="tests.LoginTest" name="loginTest" time="1.803"/>
  <testcase classname="tests.LoginTest" name="loginTest" time="2.477"/>
  <testcase classname="tests.LoginTest" name="loginTest" time="1.668"/>
  <testcase classname="tests.LoginTest" name="loginTest" time="2.154"/>
</testsuite> <!-- tests.LoginTest -->
