<?xml version="1.0" encoding="UTF-8"?>
<!-- Generated by org.testng.reporters.JUnitReportReporter -->
<testsuite hostname="MSI" failures="0" tests="5" name="tests.LoginTest" time="11.091" errors="0" timestamp="2025-07-05T18:18:54 IST" skipped="0">
  <testcase classname="tests.LoginTest" name="loginTest" time="1.976"/>
  <testcase classname="tests.LoginTest" name="loginTest" time="1.973"/>
  <testcase classname="tests.LoginTest" name="loginTest" time="2.996"/>
  <testcase classname="tests.LoginTest" name="loginTest" time="1.999"/>
  <testcase classname="tests.LoginTest" name="loginTest" time="2.147"/>
</testsuite> <!-- tests.LoginTest -->
