<?xml version="1.0" encoding="UTF-8"?>
<!-- Generated by org.testng.reporters.JUnitReportReporter -->
<testsuite hostname="MSI" failures="0" tests="11" name="tests.InventoryTest" time="101.998" errors="0" timestamp="2025-07-07T22:12:27 IST" skipped="0">
  <testcase classname="tests.InventoryTest" name="testInventorySort" time="8.440"/>
  <testcase classname="tests.InventoryTest" name="removeAllTheProductsFromCart" time="8.636"/>
  <testcase classname="tests.InventoryTest" name="addSpecificProductToCart" time="17.434"/>
  <testcase classname="tests.InventoryTest" name="addAllTheProductsToCartFromInventoryPage" time="11.027"/>
  <testcase classname="tests.InventoryTest" name="removeFirstItemFromCart" time="7.057"/>
  <testcase classname="tests.InventoryTest" name="testInventorySort" time="8.227"/>
  <testcase classname="tests.InventoryTest" name="testInventorySort" time="7.081"/>
  <testcase classname="tests.InventoryTest" name="testInventorySort" time="7.905"/>
  <testcase classname="tests.InventoryTest" name="getNumberOfProductsAvailableInInventoryPage" time="9.001"/>
  <testcase classname="tests.InventoryTest" name="getListofAvailableProductNameFromInventoryPage" time="8.486"/>
  <testcase classname="tests.InventoryTest" name="addFirstProductToCartFromInventoryPage" time="8.704"/>
</testsuite> <!-- tests.InventoryTest -->
