<?xml version="1.0" encoding="UTF-8"?>
<!-- Generated by org.testng.reporters.JUnitReportReporter -->
<testsuite hostname="MSI" failures="0" tests="5" name="tests.CheckoutTest" time="20.802" errors="0" timestamp="2025-07-09T22:57:56 IST" skipped="0">
  <testcase classname="tests.CheckoutTest" name="checkoutInformationPage" time="4.350"/>
  <testcase classname="tests.CheckoutTest" name="checkoutInformationPage" time="3.135"/>
  <testcase classname="tests.CheckoutTest" name="checkoutInformationPage" time="7.696"/>
  <testcase classname="tests.CheckoutTest" name="checkoutInformationPage" time="2.680"/>
  <testcase classname="tests.CheckoutTest" name="checkoutInformationPage" time="2.941"/>
</testsuite> <!-- tests.CheckoutTest -->
